  Building Custom Rule C:/Users/Estudiante/Desktop/Carpeta de Diego/ComputoGrafico2025-4/Libs/glfw/src/CMakeLists.txt
  context.c
  init.c
  input.c
  monitor.c
  platform.c
  vulkan.c
  window.c
  egl_context.c
  osmesa_context.c
  null_init.c
  null_monitor.c
  null_window.c
  null_joystick.c
  win32_module.c
  win32_time.c
  win32_thread.c
  win32_init.c
  win32_joystick.c
  win32_monitor.c
  win32_window.c
  Generando código...
  Compilando...
  wgl_context.c
  Generando código...
     Creando biblioteca C:/Users/Estudiante/Desktop/Carpeta de Diego/ComputoGrafico2025-4/Libs/glfw/src/Debug/glfw3dll.lib y objeto C:/Users/Estudiante/Desktop/Carpeta de Diego/ComputoGrafico2025-4/Libs/glfw/src/Debug/glfw3dll.exp
  glfw.vcxproj -> C:\Users\Estudiante\Desktop\Carpeta de Diego\ComputoGrafico2025-4\Libs\glfw\src\Debug\glfw3.dll
